This is pdfeTeXk, Version 3.14159-1.10b-2.1 (Web2C 7.4.5) (format=pdfetex 2005.9.4)  5 AUG 2006 21:04
entering extended mode
 file:line:error style messages enabled.
**/tmp/t2d5100/xtr/sourcesign.texi
(/tmp/t2d5100/xtr/sourcesign.texi{/usr/share/texmf/pdftex/config/pdftex.cfg}
(/usr/share/texmf/tex/texinfo/texinfo.tex
Loading texinfo [version 2004-04-07.08]: Basics,
\bindingoffset=\dimen16
\normaloffset=\dimen17
\pagewidth=\dimen18
\pageheight=\dimen19
\outerhsize=\dimen20
\outervsize=\dimen21
\cornerlong=\dimen22
\cornerthick=\dimen23
\topandbottommargin=\dimen24
\headlinebox=\box16
\footlinebox=\box17
\margin=\insert252
\EMsimple=\toks13
\groupbox=\box18
\groupinvalidhelp=\toks14
\mil=\dimen25
\exdentamount=\skip18
\inmarginspacing=\skip19
 pdf,
\tempnum=\count27
\lnkcount=\count28
\filename=\toks15
\filenamelength=\count29
\pgn=\count30
\toksA=\toks16
\toksB=\toks17
\toksC=\toks18
\toksD=\toks19
\boxA=\box19
\countA=\count31

(/usr/share/texmf/pdftex/plain/misc/pdfcolor.tex) fonts,
\sffam=\fam8
\textleading=\dimen26
\mainmagstep=\count32
\fontdepth=\count33
 page headings,
\titlepagetopglue=\skip20
\titlepagebottomglue=\skip21
\evenheadline=\toks20
\oddheadline=\toks21
\evenfootline=\toks22
\oddfootline=\toks23

tables,
\tableindent=\dimen27
\itemindent=\dimen28
\itemmargin=\dimen29
\itemmax=\dimen30
\itemno=\count34
\multitableparskip=\skip22
\multitableparindent=\skip23
\multitablecolspace=\dimen31
\multitablelinespace=\skip24
\colcount=\count35
\everytab=\toks24
 conditionals,
\doignorecount=\count36
 indexing,
\secondaryindent=\skip25
\partialpage=\box20
\doublecolumnhsize=\dimen32
 sectioning,
\unnumberedno=\count37
\chapno=\count38
\secno=\count39
\subsecno=\count40
\subsubsecno=\count41
\appendixno=\count42
\absseclevel=\count43
\secbase=\count44
\chapheadingskip=\skip26
\secheadingskip=\skip27
\subsecheadingskip=\skip28
 toc,
\tocfile=\write0
\contentsrightmargin=\skip29
\savepageno=\count45
\lastnegativepageno=\count46
\tocindent=\dimen33
 environments,
\errorbox=\box21
\lispnarrowing=\skip30
\envskipamount=\skip31
\circthick=\dimen34
\cartouter=\dimen35
\cartinner=\dimen36
\normbskip=\skip32
\normpskip=\skip33
\normlskip=\skip34
\lskip=\skip35
\rskip=\skip36
\tabw=\dimen37
 defuns,
\defbodyindent=\skip37
\defargsindent=\skip38
\deflastargmargin=\skip39
\parencount=\count47
\brackcount=\count48
 macros,
\paramno=\count49
\macname=\toks25

cross references,
\auxfile=\write1
\savesfregister=\count50
 insertions,
\footnoteno=\count51
\SAVEfootins=\box22
\SAVEmargin=\box23
 (/usr/share/texmf/tex/generic/dvips/epsf.tex
\epsffilein=\read1
\epsfframemargin=\dimen38
\epsfframethickness=\dimen39
\epsfrsize=\dimen40
\epsftmp=\dimen41
\epsftsize=\dimen42
\epsfxsize=\dimen43
\epsfysize=\dimen44
\pspoints=\dimen45
\epsfnoopenhelp=\toks26
)
\noepsfhelp=\toks27
\appendtomacroAtoks=\toks28
\appendtomacroBtoks=\toks29

localization,
\nolanghelp=\toks30
\defaultparindent=\dimen46
 and turning on texinfo input format.) (./sourcesign.aux)
\openout1 = `sourcesign.aux'.

@cpindfile=@write2
@fnindfile=@write3
@vrindfile=@write4
@tpindfile=@write5
@kyindfile=@write6
@pgindfile=@write7
 [1
\openout2 = `sourcesign.cp'.

\openout3 = `sourcesign.fn'.

\openout4 = `sourcesign.vr'.

\openout5 = `sourcesign.tp'.

\openout6 = `sourcesign.ky'.

\openout7 = `sourcesign.pg'.

{/var/lib/texmf/dvips/config/pdftex.map}] (./sourcesign.toc) [-1] (./sourcesign
.toc)
(./sourcesign.toc) Chapter 1
\openout0 = `sourcesign.toc'.

 Chapter 2 [1] Chapter 3 [2] [3]
Underfull \hbox (badness 3439) in paragraph at lines 246--249
[]/cmr10@10.95pt/The /cmsl10@10.95pt/Name /cmr10@10.95pt/be-comes the /cmsl10@1
0.95pt/prod-uct/cmr10@10.95pt/./cmsl10@10.95pt/tag /cmr10@10.95pt/at-tribute. T
he /cmsl10@10.95pt/Re-vi-sion /cmr10@10.95pt/be-comes the

@hbox(7.60416+2.12917)x433.62, glue set 3.25581
.@hbox(0.0+0.0)x15.0
./cmr10@10.95pt/T
./cmr10@10.95pt/h
./cmr10@10.95pt/e
.@glue 3.65 plus 1.825 minus 1.21666
.etc.


Underfull \hbox (badness 4072) in paragraph at lines 264--267
[]/cmr10@10.95pt/sets the /cmsl10@10.95pt/dfiles /cmr10@10.95pt/at-tribute to i
ts de-fault value of /cmtt10@10.95pt/"/cmr10@10.95pt/dfiles/cmtt10@10.95pt/"/cm
r10@10.95pt/. The `/cmtt10@10.95pt/AUTHORS[]/cmr10@10.95pt/'[],

@hbox(7.60416+2.12917)x433.62, glue set 3.44362
.@hbox(0.0+0.0)x15.0
./cmr10@10.95pt/s
./cmr10@10.95pt/e
./cmr10@10.95pt/t
./cmr10@10.95pt/s
.etc.


Underfull \hbox (badness 6510) in paragraph at lines 264--267
/cmr10@10.95pt/and `/cmtt10@10.95pt/COPYING[]/cmr10@10.95pt/'[] will be in-clud
ed as in-di-vid-ual files in the pack-age di-rec-tory

@hbox(7.60416+2.12917)x433.62, glue set 4.02577
./cmr10@10.95pt/a
./cmr10@10.95pt/n
./cmr10@10.95pt/d
.@glue 3.65 plus 1.825 minus 1.21666
./cmr10@10.95pt/`
.etc.


Overfull \hbox (39.20389pt too wide) in paragraph at lines 276--276
 []   /cmtt10@10.95pt/tag         /cmsltt10@10.95pt/tag                 /cmtt10
@10.95pt/#  Short name, Globally unique if possible[] 

@hbox(6.69167+2.43333)x433.62
.@glue(@leftskip) 28.90755
.@hbox(0.0+0.0)x0.0
.@penalty 10000
.@glue 5.74869
.@penalty 10000
.etc.

[4]
Underfull \hbox (badness 2443) in paragraph at lines 301--303
[]/cmr10@10.95pt/The re-sult-ing own-er-ships are equiv-a-lent to the GNU /cmtt
10@10.95pt/tar[] /cmr10@10.95pt/op-tions /cmtt10@10.95pt/--numeric

@hbox(7.60416+2.12917)x433.62, glue set 2.90257
.@hbox(0.0+0.0)x15.0
./cmr10@10.95pt/T
./cmr10@10.95pt/h
./cmr10@10.95pt/e
.@glue 3.65 plus 1.825 minus 1.21666
.etc.

[5] Chapter 4 [6] [7] Chapter 5 [8]
Overfull \hbox (64.11118pt too wide) in paragraph at lines 521--525
[]/cmr10@10.95pt/Hence, to make a new sig-na-ture mem-ber, take the data part o
f `/cmtt10@10.95pt/</cmsltt10@10.95pt/path/cmtt10@10.95pt/>/catalog/dfiles/sig_
header[]/cmr10@10.95pt/'[]

@hbox(7.60416+2.43333)x433.62, glue set - 1.0
.@hbox(0.0+0.0)x15.0
./cmr10@10.95pt/H
./cmr10@10.95pt/e
./cmr10@10.95pt/n
./cmr10@10.95pt/c
.etc.

Chapter 6 [9]
Underfull \hbox (badness 3068) in paragraph at lines 570--574
 []/cmr10@10.95pt/Set the file own-er-ships in the pack-age to nu-meric root/ro
ot. Us-ing the

@hbox(8.2125+2.73749)x433.62, glue set 3.1323
.@glue(@leftskip) 21.68121
.@hbox(4.86667+0.0)x0.0, glue set - 12.70244fil
..@glue 0.0 plus 1.0fil minus 1.0fil
..@mathon
../cmsy10@10.95pt/^^O
..@mathoff
..@kern 7.22743
./cmr10@10.95pt/S
./cmr10@10.95pt/e
./cmr10@10.95pt/t
.etc.


Overfull \hbox (60.93126pt too wide) in paragraph at lines 597--597
 []/cmtt10@10.95pt/description "The GNU Project was launched in 1984 to develop
 a complete UNIX-like[] 

@hbox(6.69167+2.43333)x433.62
.@glue(@leftskip) 28.90755
.@hbox(0.0+0.0)x0.0
./cmtt10@10.95pt/d
./cmtt10@10.95pt/e
./cmtt10@10.95pt/s
.etc.

[10]
Overfull \hbox (26.43913pt too wide) in paragraph at lines 625--625
 []/cmtt10@10.95pt/swign -s PSF.in  -u "Your GPG name" @- | gzip -9 >../somepac
kage-1.0.tar.gz[] 

@hbox(7.60416+2.43333)x433.62
.@glue(@leftskip) 28.90755
.@hbox(0.0+0.0)x0.0
./cmtt10@10.95pt/s
./cmtt10@10.95pt/w
./cmtt10@10.95pt/i
.etc.

[11] Chapter 7 [12]
Overfull \hbox (238.97647pt too wide) in paragraph at lines 682--682
[][] 

@hbox(7.60416+2.43333)x433.62
.@hbox(0.0+0.0)x0.0
.@hbox(7.60416+2.43333)x672.59647
..@penalty 10000
..@glue 5.74869
..@penalty 10000
..@glue 5.74869
..@penalty 10000
..etc.
.@penalty 10000
.@glue(@parfillskip) 0.0 plus 1.0fil
.@glue(@rightskip) 0.0


Overfull \hbox (26.43913pt too wide) in paragraph at lines 687--687
 []/cmtt10@10.95pt/export SWPACKAGEPASSFD=agent; export GNUPGNAME="Your Name"; 
make dist-swbis[] 

@hbox(6.69167+2.43333)x433.62
.@glue(@leftskip) 28.90755
.@hbox(0.0+0.0)x0.0
./cmtt10@10.95pt/e
./cmtt10@10.95pt/x
./cmtt10@10.95pt/p
.etc.

Chapter 8 [13]
Overfull \hbox (49.43388pt too wide) in paragraph at lines 744--744
 []/cmtt10@10.95pt/SWPACKAGEPASSFD=agent; GNUPGNAME="Your Name"  swign --name-v
ersion=/cmsltt10@10.95pt/module_name-

@hbox(6.69167+2.43333)x433.62
.@glue(@leftskip) 28.90755
.@hbox(0.0+0.0)x0.0
./cmtt10@10.95pt/S
./cmtt10@10.95pt/W
./cmtt10@10.95pt/P
.etc.

[14] [15] ) 
Here is how much of TeX's memory you used:
 1697 strings out of 97344
 19264 string characters out of 1213142
 41074 words of memory out of 1000001
 2754 multiletter control sequences out of 10000+50000
 32127 words of font info for 112 fonts, out of 500000 for 1000
 51 hyphenation exceptions out of 1000
 12i,6n,16p,254b,289s stack positions out of 1500i,500n,5000p,200000b,5000s
 178 PDF objects out of 300000
 35 named destinations out of 131072
 133 words of extra memory for PDF output out of 65536
 </var/cache/fonts/pk/ljfour/public/cm/cmtt12.657pk> </var/cache/fon
ts/pk/ljfour/public/cm/cmsltt10.657pk> </var/cache/fonts/pk/ljfour/public/cm/cm
bx12.657pk> </var/cache/fonts/pk/ljfour/public/cm/cmsl10.657pk> </var/cache/fon
ts/pk/ljfour/public/cm/cmtt10.657pk> </var/cache/fonts/pk/ljfour/public/cm/cmti
10.657pk> </var/cache/fonts/pk/ljfour/public/cm/cmbxti10.864pk> </var/cache/fon
ts/pk/ljfour/public/cm/cmbx12.864pk> </var/cache/fonts/pk/ljfour/public/cm/cmsy
10.657pk> </var/cache/fonts/pk/ljfour/public/cm/cmr10.600pk> </var/cache/fonts/
pk/ljfour/public/cm/cmbx12.720pk> </var/cache/fonts/pk/ljfour/public/cm/cmr10.6
57pk> </var/cache/fonts/pk/ljfour/public/cm/cmbx12.1037pk>
Output written on sourcesign.pdf (17 pages, 187336 bytes).
